<?xml version="1.0" encoding="UTF-8"?>
<testsuite xmlns:xsi="http://www.w3.org/2001/XMLSchema-instance" xsi:noNamespaceSchemaLocation="https://maven.apache.org/surefire/maven-surefire-plugin/xsd/surefire-test-report-3.0.xsd" version="3.0" name="tests.WaehrungTest" time="0.189" tests="20" errors="0" skipped="0" failures="0">
  <properties>
    <property name="java.specification.version" value="22"/>
    <property name="sun.cpu.isalist" value="amd64"/>
    <property name="sun.jnu.encoding" value="Cp1252"/>
    <property name="java.class.path" value="C:\Users\eladk\Documents\ela documents\Studium\Coding\Bankprojekt\target\test-classes;C:\Users\eladk\Documents\ela documents\Studium\Coding\Bankprojekt\target\classes;C:\Users\eladk\.m2\repository\org\decimal4j\decimal4j\1.0.3\decimal4j-1.0.3.jar;C:\Users\eladk\.m2\repository\org\junit\jupiter\junit-jupiter\5.12.0-RC2\junit-jupiter-5.12.0-RC2.jar;C:\Users\eladk\.m2\repository\org\junit\jupiter\junit-jupiter-api\5.12.0-RC2\junit-jupiter-api-5.12.0-RC2.jar;C:\Users\eladk\.m2\repository\org\opentest4j\opentest4j\1.3.0\opentest4j-1.3.0.jar;C:\Users\eladk\.m2\repository\org\junit\platform\junit-platform-commons\1.12.0-RC2\junit-platform-commons-1.12.0-RC2.jar;C:\Users\eladk\.m2\repository\org\apiguardian\apiguardian-api\1.1.2\apiguardian-api-1.1.2.jar;C:\Users\eladk\.m2\repository\org\junit\jupiter\junit-jupiter-params\5.12.0-RC2\junit-jupiter-params-5.12.0-RC2.jar;C:\Users\eladk\.m2\repository\org\junit\jupiter\junit-jupiter-engine\5.12.0-RC2\junit-jupiter-engine-5.12.0-RC2.jar;C:\Users\eladk\.m2\repository\org\junit\platform\junit-platform-engine\1.12.0-RC2\junit-platform-engine-1.12.0-RC2.jar;C:\Users\eladk\.m2\repository\org\mockito\mockito-core\5.15.2\mockito-core-5.15.2.jar;C:\Users\eladk\.m2\repository\net\bytebuddy\byte-buddy\1.15.11\byte-buddy-1.15.11.jar;C:\Users\eladk\.m2\repository\net\bytebuddy\byte-buddy-agent\1.15.11\byte-buddy-agent-1.15.11.jar;C:\Users\eladk\.m2\repository\org\objenesis\objenesis\3.3\objenesis-3.3.jar;C:\Users\eladk\.m2\repository\org\openjfx\javafx-controls\23\javafx-controls-23.jar;C:\Users\eladk\.m2\repository\org\openjfx\javafx-controls\23\javafx-controls-23-win.jar;C:\Users\eladk\.m2\repository\org\openjfx\javafx-graphics\23\javafx-graphics-23.jar;C:\Users\eladk\.m2\repository\org\openjfx\javafx-graphics\23\javafx-graphics-23-win.jar;C:\Users\eladk\.m2\repository\org\openjfx\javafx-base\23\javafx-base-23.jar;C:\Users\eladk\.m2\repository\org\openjfx\javafx-base\23\javafx-base-23-win.jar;C:\Users\eladk\.m2\repository\org\openjfx\javafx-fxml\25-ea+21\javafx-fxml-25-ea+21.jar;C:\Users\eladk\.m2\repository\org\openjfx\javafx-fxml\25-ea+21\javafx-fxml-25-ea+21-win.jar;"/>
    <property name="java.vm.vendor" value="Oracle Corporation"/>
    <property name="sun.arch.data.model" value="64"/>
    <property name="user.variant" value=""/>
    <property name="java.vendor.url" value="https://java.oracle.com/"/>
    <property name="user.timezone" value="Europe/Berlin"/>
    <property name="os.name" value="Windows 11"/>
    <property name="java.vm.specification.version" value="22"/>
    <property name="sun.java.launcher" value="SUN_STANDARD"/>
    <property name="user.country" value="US"/>
    <property name="sun.boot.library.path" value="C:\Program Files\Java\jdk-22\bin"/>
    <property name="sun.java.command" value="C:\Users\eladk\AppData\Local\Temp\surefire18184605952845281015\surefirebooter-20250717135313713_3.jar C:\Users\eladk\AppData\Local\Temp\surefire18184605952845281015 2025-07-17T13-53-13_584-jvmRun1 surefire-20250717135313713_1tmp surefire_0-20250717135313713_2tmp"/>
    <property name="jdk.debug" value="release"/>
    <property name="surefire.test.class.path" value="C:\Users\eladk\Documents\ela documents\Studium\Coding\Bankprojekt\target\test-classes;C:\Users\eladk\Documents\ela documents\Studium\Coding\Bankprojekt\target\classes;C:\Users\eladk\.m2\repository\org\decimal4j\decimal4j\1.0.3\decimal4j-1.0.3.jar;C:\Users\eladk\.m2\repository\org\junit\jupiter\junit-jupiter\5.12.0-RC2\junit-jupiter-5.12.0-RC2.jar;C:\Users\eladk\.m2\repository\org\junit\jupiter\junit-jupiter-api\5.12.0-RC2\junit-jupiter-api-5.12.0-RC2.jar;C:\Users\eladk\.m2\repository\org\opentest4j\opentest4j\1.3.0\opentest4j-1.3.0.jar;C:\Users\eladk\.m2\repository\org\junit\platform\junit-platform-commons\1.12.0-RC2\junit-platform-commons-1.12.0-RC2.jar;C:\Users\eladk\.m2\repository\org\apiguardian\apiguardian-api\1.1.2\apiguardian-api-1.1.2.jar;C:\Users\eladk\.m2\repository\org\junit\jupiter\junit-jupiter-params\5.12.0-RC2\junit-jupiter-params-5.12.0-RC2.jar;C:\Users\eladk\.m2\repository\org\junit\jupiter\junit-jupiter-engine\5.12.0-RC2\junit-jupiter-engine-5.12.0-RC2.jar;C:\Users\eladk\.m2\repository\org\junit\platform\junit-platform-engine\1.12.0-RC2\junit-platform-engine-1.12.0-RC2.jar;C:\Users\eladk\.m2\repository\org\mockito\mockito-core\5.15.2\mockito-core-5.15.2.jar;C:\Users\eladk\.m2\repository\net\bytebuddy\byte-buddy\1.15.11\byte-buddy-1.15.11.jar;C:\Users\eladk\.m2\repository\net\bytebuddy\byte-buddy-agent\1.15.11\byte-buddy-agent-1.15.11.jar;C:\Users\eladk\.m2\repository\org\objenesis\objenesis\3.3\objenesis-3.3.jar;C:\Users\eladk\.m2\repository\org\openjfx\javafx-controls\23\javafx-controls-23.jar;C:\Users\eladk\.m2\repository\org\openjfx\javafx-controls\23\javafx-controls-23-win.jar;C:\Users\eladk\.m2\repository\org\openjfx\javafx-graphics\23\javafx-graphics-23.jar;C:\Users\eladk\.m2\repository\org\openjfx\javafx-graphics\23\javafx-graphics-23-win.jar;C:\Users\eladk\.m2\repository\org\openjfx\javafx-base\23\javafx-base-23.jar;C:\Users\eladk\.m2\repository\org\openjfx\javafx-base\23\javafx-base-23-win.jar;C:\Users\eladk\.m2\repository\org\openjfx\javafx-fxml\25-ea+21\javafx-fxml-25-ea+21.jar;C:\Users\eladk\.m2\repository\org\openjfx\javafx-fxml\25-ea+21\javafx-fxml-25-ea+21-win.jar;"/>
    <property name="sun.cpu.endian" value="little"/>
    <property name="user.home" value="C:\Users\eladk"/>
    <property name="user.language" value="en"/>
    <property name="java.specification.vendor" value="Oracle Corporation"/>
    <property name="java.version.date" value="2024-03-19"/>
    <property name="java.home" value="C:\Program Files\Java\jdk-22"/>
    <property name="file.separator" value="\"/>
    <property name="basedir" value="C:\Users\eladk\Documents\ela documents\Studium\Coding\Bankprojekt"/>
    <property name="style.color" value="always"/>
    <property name="java.vm.compressedOopsMode" value="Zero based"/>
    <property name="line.separator" value="&#10;"/>
    <property name="java.vm.specification.vendor" value="Oracle Corporation"/>
    <property name="java.specification.name" value="Java Platform API Specification"/>
    <property name="surefire.real.class.path" value="C:\Users\eladk\AppData\Local\Temp\surefire18184605952845281015\surefirebooter-20250717135313713_3.jar"/>
    <property name="user.script" value=""/>
    <property name="sun.management.compiler" value="HotSpot 64-Bit Tiered Compilers"/>
    <property name="java.runtime.version" value="22+36-2370"/>
    <property name="user.name" value="eladk"/>
    <property name="stdout.encoding" value="Cp1252"/>
    <property name="path.separator" value=";"/>
    <property name="os.version" value="10.0"/>
    <property name="java.runtime.name" value="Java(TM) SE Runtime Environment"/>
    <property name="file.encoding" value="UTF-8"/>
    <property name="java.vm.name" value="Java HotSpot(TM) 64-Bit Server VM"/>
    <property name="localRepository" value="C:\Users\eladk\.m2\repository"/>
    <property name="java.vendor.url.bug" value="https://bugreport.java.com/bugreport/"/>
    <property name="java.io.tmpdir" value="C:\Users\eladk\AppData\Local\Temp\"/>
    <property name="java.version" value="22"/>
    <property name="user.dir" value="C:\Users\eladk\Documents\ela documents\Studium\Coding\Bankprojekt"/>
    <property name="os.arch" value="amd64"/>
    <property name="java.vm.specification.name" value="Java Virtual Machine Specification"/>
    <property name="sun.os.patch.level" value=""/>
    <property name="native.encoding" value="Cp1252"/>
    <property name="java.library.path" value="C:\Program Files\Java\jdk-22\bin;C:\WINDOWS\Sun\Java\bin;C:\WINDOWS\system32;C:\WINDOWS;C:\Program Files\Common Files\Oracle\Java\javapath;C:\WINDOWS\system32;C:\WINDOWS;C:\WINDOWS\System32\Wbem;C:\WINDOWS\System32\WindowsPowerShell\v1.0\;C:\WINDOWS\System32\OpenSSH\;C:\Program Files\Java\jdk-22\bin;C:\Program Files\Java\jdk-22\bin;C:\Program Files\nodejs\;%MAVEN_HOME%\bin;C:\Program Files\Go\bin;C:\Users\eladk\AppData\Local\Programs\Python\Python313\;C:\Users\eladk\AppData\Local\Programs\Python\Python313\Scripts;C:\Users\eladk\AppData\Local\Programs\Python\Python313\Scripts\;C:\Users\eladk\AppData\Local\Programs\Python\Python313\;C:\Users\eladk\AppData\Local\Programs\Python\Launcher\;C:\Program Files\Common Files\Oracle\Java\javapath;C:\WINDOWS\system32;C:\WINDOWS;C:\WINDOWS\System32\Wbem;C:\WINDOWS\System32\WindowsPowerShell\v1.0\;C:\WINDOWS\System32\OpenSSH\;C:\Program Files\Java\jdk-22\bin;C:\Program Files\Java\jdk-22\bin;C:\Program Files\nodejs\;C:\Users\eladk\Documents\apache-maven-3.9.9\bin;C:\Users\eladk\AppData\Local\Microsoft\WindowsApps;C:\Program Files\Java\bin;C:\Users\eladk\AppData\Local\Programs\Microsoft VS Code\bin;C:\Users\eladk\AppData\Roaming\npm;;C:\Users\eladk\Documents\apache-maven-3.9.9\bin;C:\Users\eladk\go\bin;."/>
    <property name="java.vm.info" value="mixed mode, sharing"/>
    <property name="stderr.encoding" value="Cp1252"/>
    <property name="java.vendor" value="Oracle Corporation"/>
    <property name="java.vm.version" value="22+36-2370"/>
    <property name="sun.io.unicode.encoding" value="UnicodeLittle"/>
    <property name="java.class.version" value="66.0"/>
  </properties>
  <testcase name="testMinusGeldbetragWaehrungDobraInEuro" classname="tests.WaehrungTest" time="0.087"/>
  <testcase name="testWaehrungWechsel" classname="tests.WaehrungTest" time="0.02"/>
  <testcase name="testWaehrungGet" classname="tests.WaehrungTest" time="0.001"/>
  <testcase name="testDispo" classname="tests.WaehrungTest" time="0.002"/>
  <testcase name="testWaehrungEuroKontostand" classname="tests.WaehrungTest" time="0.002"/>
  <testcase name="testgetMessage" classname="tests.WaehrungTest" time="0.001"/>
  <testcase name="testWaehrungKursDOBRA" classname="tests.WaehrungTest" time="0.002"/>
  <testcase name="testWaehrungGewechseltToFrancKontostand" classname="tests.WaehrungTest" time="0.001"/>
  <testcase name="testWaehrungKurs" classname="tests.WaehrungTest" time="0.002"/>
  <testcase name="testWaehrungWerte" classname="tests.WaehrungTest" time="0.001"/>
  <testcase name="testUmrechnenGeldbetragDOBRA" classname="tests.WaehrungTest" time="0.001"/>
  <testcase name="testUmrechnenGeldbetragFRANC" classname="tests.WaehrungTest" time="0.002"/>
  <testcase name="testUmrechnenGeldbetragESCUDO" classname="tests.WaehrungTest" time="0.001"/>
  <testcase name="testMinusGeldbetragWaehrungEuroInFranc" classname="tests.WaehrungTest" time="0.001"/>
  <testcase name="testUmrechnenGeldbetragEURO" classname="tests.WaehrungTest" time="0.0"/>
  <testcase name="testgetAllCurrencies" classname="tests.WaehrungTest" time="0.001"/>
  <testcase name="testMinusGeldbetragWaehrungGLEICH" classname="tests.WaehrungTest" time="0.0"/>
  <testcase name="testMinusGeldbetragWaehrungEscudoInFranc" classname="tests.WaehrungTest" time="0.001"/>
  <testcase name="testWaehrungGewechseltFromEscudoToFrancKontostand" classname="tests.WaehrungTest" time="0.001"/>
  <testcase name="testDispoWaehrungsWechsel" classname="tests.WaehrungTest" time="0.002"/>
</testsuite>